<?xml version="1.0" encoding="UTF-8"?>
<!-- Generated by org.testng.reporters.JUnitXMLReporter -->
<testsuite hostname="LAPTOP-VC35D2RP" ignored="0" name="Test" tests="7" failures="0" timestamp="28 Aug 2020 14:08:33 GMT" time="169.005" errors="0">
  <testcase name="validLogin" time="24.567" classname="com.GtplBank.scripts.LoginTest"/>
  <testcase name="InvalidLogin" time="1.362" classname="com.GtplBank.scripts.LoginTest"/>
  <testcase name="addnewCustomer" time="12.833" classname="com.GtplBank.scripts.CustomerFeatureTest"/>
  <testcase name="editcustomer" time="11.999" classname="com.GtplBank.scripts.CustomerFeatureTest"/>
  <testcase name="createAccount" time="7.75" classname="com.GtplBank.scripts.AccountTest"/>
  <testcase name="deleteAccount" time="5.368" classname="com.GtplBank.scripts.AccountTest"/>
  <testcase name="deletecustomer" time="4.563" classname="com.GtplBank.scripts.CustomerFeatureTest"/>
</testsuite> <!-- Test -->
