<?xml version="1.0" encoding="UTF-8"?>
<!-- Generated by org.testng.reporters.JUnitXMLReporter -->
<testsuite hostname="LAPTOP-VC35D2RP" ignored="0" name="Test" tests="7" failures="0" timestamp="29 Aug 2020 11:00:31 GMT" time="197.299" errors="0">
  <testcase name="validLogin" time="18.952" classname="com.GtplBank.scripts.LoginTest"/>
  <testcase name="InvalidLogin" time="3.864" classname="com.GtplBank.scripts.LoginTest"/>
  <testcase name="addnewCustomer" time="14.884" classname="com.GtplBank.scripts.CustomerFeatureTest"/>
  <testcase name="editcustomer" time="12.07" classname="com.GtplBank.scripts.CustomerFeatureTest"/>
  <testcase name="createAccount" time="10.314" classname="com.GtplBank.scripts.AccountTest"/>
  <testcase name="deleteAccount" time="7.238" classname="com.GtplBank.scripts.AccountTest"/>
  <testcase name="deletecustomer" time="5.519" classname="com.GtplBank.scripts.CustomerFeatureTest"/>
</testsuite> <!-- Test -->
