<?xml version="1.0" encoding="UTF-8"?>
<testsuite xmlns:xsi="http://www.w3.org/2001/XMLSchema-instance" xsi:schemaLocation="https://maven.apache.org/surefire/maven-surefire-plugin/xsd/surefire-test-report.xsd" name="TestSuite" time="199.334" tests="7" errors="0" skipped="0" failures="0">
  <properties>
[...]
</properties>
  <testcase name="validLogin" classname="com.GtplBank.scripts.LoginTest" time="18.963"/>
  <testcase name="InvalidLogin" classname="com.GtplBank.scripts.LoginTest" time="3.864"/>
  <testcase name="addnewCustomer" classname="com.GtplBank.scripts.CustomerFeatureTest" time="14.867"/>
  <testcase name="editcustomer" classname="com.GtplBank.scripts.CustomerFeatureTest" time="12.068"/>
  <testcase name="createAccount" classname="com.GtplBank.scripts.AccountTest" time="10.317"/>
  <testcase name="deleteAccount" classname="com.GtplBank.scripts.AccountTest" time="7.241"/>
  <testcase name="deletecustomer" classname="com.GtplBank.scripts.CustomerFeatureTest" time="5.508"/>
</testsuite>