<?xml version="1.0" encoding="UTF-8"?>
<testng-results skipped="0" failed="0" ignored="0" total="7" passed="7">
  <reporter-output>
    <line>
      <![CDATA[Framework execution starts:Sat Aug 29 16:27:14 IST 2020]]>
    </line>
    <line>
      <![CDATA[validLoginscript execution startsSat Aug 29 16:27:43 IST 2020]]>
    </line>
    <line>
      <![CDATA[Guru99 Bank Manager HomePage]]>
    </line>
    <line>
      <![CDATA[validLoginscript is passed]]>
    </line>
    <line>
      <![CDATA[InvalidLoginscript execution startsSat Aug 29 16:28:29 IST 2020]]>
    </line>
    <line>
      <![CDATA[User is not valid]]>
    </line>
    <line>
      <![CDATA[InvalidLoginscript is passed]]>
    </line>
    <line>
      <![CDATA[addnewCustomerscript execution startsSat Aug 29 16:28:45 IST 2020]]>
    </line>
    <line>
      <![CDATA[Customer Registered Successfully!!!]]>
    </line>
    <line>
      <![CDATA[Registered Customer details are as follows:]]>
    </line>
    <line>
      <![CDATA[]]>
    </line>
    <line>
      <![CDATA[Customer ID]]>
    </line>
    <line>
      <![CDATA[49841]]>
    </line>
    <line>
      <![CDATA[Customer Name]]>
    </line>
    <line>
      <![CDATA[Salman]]>
    </line>
    <line>
      <![CDATA[Gender]]>
    </line>
    <line>
      <![CDATA[male]]>
    </line>
    <line>
      <![CDATA[Birthdate]]>
    </line>
    <line>
      <![CDATA[1995-10-25]]>
    </line>
    <line>
      <![CDATA[Address]]>
    </line>
    <line>
      <![CDATA[F145 Mehrauli]]>
    </line>
    <line>
      <![CDATA[City]]>
    </line>
    <line>
      <![CDATA[NewDelhi]]>
    </line>
    <line>
      <![CDATA[State]]>
    </line>
    <line>
      <![CDATA[Delhi]]>
    </line>
    <line>
      <![CDATA[Pin]]>
    </line>
    <line>
      <![CDATA[110054]]>
    </line>
    <line>
      <![CDATA[Mobile No.]]>
    </line>
    <line>
      <![CDATA[9876543219]]>
    </line>
    <line>
      <![CDATA[Email]]>
    </line>
    <line>
      <![CDATA[saif@gmail.com]]>
    </line>
    <line>
      <![CDATA[Continue]]>
    </line>
    <line>
      <![CDATA[addnewCustomerscript is passed]]>
    </line>
    <line>
      <![CDATA[editcustomerscript execution startsSat Aug 29 16:29:15 IST 2020]]>
    </line>
    <line>
      <![CDATA[Customer details updated Successfully!!!]]>
    </line>
    <line>
      <![CDATA[editcustomerscript is passed]]>
    </line>
    <line>
      <![CDATA[createAccountscript execution startsSat Aug 29 16:29:40 IST 2020]]>
    </line>
    <line>
      <![CDATA[your account number is 82820]]>
    </line>
    <line>
      <![CDATA[createAccountscript is passed]]>
    </line>
    <line>
      <![CDATA[deleteAccountscript execution startsSat Aug 29 16:30:04 IST 2020]]>
    </line>
    <line>
      <![CDATA[Account Deleted Sucessfully]]>
    </line>
    <line>
      <![CDATA[deleteAccountscript is passed]]>
    </line>
    <line>
      <![CDATA[deletecustomerscript execution startsSat Aug 29 16:30:25 IST 2020]]>
    </line>
    <line>
      <![CDATA[Customer deleted Successfully]]>
    </line>
    <line>
      <![CDATA[deletecustomerscript is passed]]>
    </line>
  </reporter-output>
  <suite name="Suite" duration-ms="197299" started-at="2020-08-29T10:57:14Z" finished-at="2020-08-29T11:00:31Z">
    <groups>
    </groups>
    <test name="Test" duration-ms="197299" started-at="2020-08-29T10:57:14Z" finished-at="2020-08-29T11:00:31Z">
      <class name="com.GtplBank.scripts.AccountTest">
        <test-method status="PASS" signature="precondition(java.lang.String, java.lang.String)[pri:0, instance:com.GtplBank.scripts.AccountTest@6442b0a6]" name="precondition" is-config="true" duration-ms="12105" started-at="2020-08-29T16:29:27Z" finished-at="2020-08-29T16:29:40Z">
          <params>
            <param index="0">
              <value>
                <![CDATA[chrome]]>
              </value>
            </param>
            <param index="1">
              <value>
                <![CDATA[http://demo.guru99.com/v3/index.php]]>
              </value>
            </param>
          </params>
          <reporter-output>
          </reporter-output>
        </test-method> <!-- precondition -->
        <test-method status="PASS" signature="createAccount()[pri:5, instance:com.GtplBank.scripts.AccountTest@6442b0a6]" name="createAccount" duration-ms="10314" started-at="2020-08-29T16:29:40Z" finished-at="2020-08-29T16:29:50Z">
          <reporter-output>
            <line>
              <![CDATA[createAccountscript execution startsSat Aug 29 16:29:40 IST 2020]]>
            </line>
            <line>
              <![CDATA[your account number is 82820]]>
            </line>
            <line>
              <![CDATA[createAccountscript is passed]]>
            </line>
          </reporter-output>
        </test-method> <!-- createAccount -->
        <test-method status="PASS" signature="postCondition()[pri:0, instance:com.GtplBank.scripts.AccountTest@6442b0a6]" name="postCondition" is-config="true" duration-ms="1105" started-at="2020-08-29T16:29:50Z" finished-at="2020-08-29T16:29:51Z">
          <reporter-output>
          </reporter-output>
        </test-method> <!-- postCondition -->
        <test-method status="PASS" signature="precondition(java.lang.String, java.lang.String)[pri:0, instance:com.GtplBank.scripts.AccountTest@6442b0a6]" name="precondition" is-config="true" duration-ms="13193" started-at="2020-08-29T16:29:51Z" finished-at="2020-08-29T16:30:04Z">
          <params>
            <param index="0">
              <value>
                <![CDATA[chrome]]>
              </value>
            </param>
            <param index="1">
              <value>
                <![CDATA[http://demo.guru99.com/v3/index.php]]>
              </value>
            </param>
          </params>
          <reporter-output>
          </reporter-output>
        </test-method> <!-- precondition -->
        <test-method status="PASS" signature="deleteAccount()[pri:6, instance:com.GtplBank.scripts.AccountTest@6442b0a6]" name="deleteAccount" duration-ms="7238" started-at="2020-08-29T16:30:04Z" finished-at="2020-08-29T16:30:11Z">
          <reporter-output>
            <line>
              <![CDATA[deleteAccountscript execution startsSat Aug 29 16:30:04 IST 2020]]>
            </line>
            <line>
              <![CDATA[Account Deleted Sucessfully]]>
            </line>
            <line>
              <![CDATA[deleteAccountscript is passed]]>
            </line>
          </reporter-output>
        </test-method> <!-- deleteAccount -->
        <test-method status="PASS" signature="postCondition()[pri:0, instance:com.GtplBank.scripts.AccountTest@6442b0a6]" name="postCondition" is-config="true" duration-ms="348" started-at="2020-08-29T16:30:11Z" finished-at="2020-08-29T16:30:12Z">
          <reporter-output>
          </reporter-output>
        </test-method> <!-- postCondition -->
      </class> <!-- com.GtplBank.scripts.AccountTest -->
      <class name="com.GtplBank.scripts.LoginTest">
        <test-method status="PASS" signature="precondition(java.lang.String, java.lang.String)[pri:0, instance:com.GtplBank.scripts.LoginTest@35f983a6]" name="precondition" is-config="true" duration-ms="29541" started-at="2020-08-29T16:27:14Z" finished-at="2020-08-29T16:27:43Z">
          <params>
            <param index="0">
              <value>
                <![CDATA[chrome]]>
              </value>
            </param>
            <param index="1">
              <value>
                <![CDATA[http://demo.guru99.com/v3/index.php]]>
              </value>
            </param>
          </params>
          <reporter-output>
          </reporter-output>
        </test-method> <!-- precondition -->
        <test-method status="PASS" signature="validLogin()[pri:1, instance:com.GtplBank.scripts.LoginTest@35f983a6]" name="validLogin" duration-ms="18952" started-at="2020-08-29T16:27:43Z" finished-at="2020-08-29T16:28:02Z">
          <reporter-output>
            <line>
              <![CDATA[validLoginscript execution startsSat Aug 29 16:27:43 IST 2020]]>
            </line>
            <line>
              <![CDATA[Guru99 Bank Manager HomePage]]>
            </line>
            <line>
              <![CDATA[validLoginscript is passed]]>
            </line>
          </reporter-output>
        </test-method> <!-- validLogin -->
        <test-method status="PASS" signature="postCondition()[pri:0, instance:com.GtplBank.scripts.LoginTest@35f983a6]" name="postCondition" is-config="true" duration-ms="740" started-at="2020-08-29T16:28:02Z" finished-at="2020-08-29T16:28:03Z">
          <reporter-output>
          </reporter-output>
        </test-method> <!-- postCondition -->
        <test-method status="PASS" signature="precondition(java.lang.String, java.lang.String)[pri:0, instance:com.GtplBank.scripts.LoginTest@35f983a6]" name="precondition" is-config="true" duration-ms="25705" started-at="2020-08-29T16:28:03Z" finished-at="2020-08-29T16:28:29Z">
          <params>
            <param index="0">
              <value>
                <![CDATA[chrome]]>
              </value>
            </param>
            <param index="1">
              <value>
                <![CDATA[http://demo.guru99.com/v3/index.php]]>
              </value>
            </param>
          </params>
          <reporter-output>
          </reporter-output>
        </test-method> <!-- precondition -->
        <test-method status="PASS" signature="InvalidLogin()[pri:2, instance:com.GtplBank.scripts.LoginTest@35f983a6]" name="InvalidLogin" duration-ms="3864" started-at="2020-08-29T16:28:29Z" finished-at="2020-08-29T16:28:33Z">
          <reporter-output>
            <line>
              <![CDATA[InvalidLoginscript execution startsSat Aug 29 16:28:29 IST 2020]]>
            </line>
            <line>
              <![CDATA[User is not valid]]>
            </line>
            <line>
              <![CDATA[InvalidLoginscript is passed]]>
            </line>
          </reporter-output>
        </test-method> <!-- InvalidLogin -->
        <test-method status="PASS" signature="postCondition()[pri:0, instance:com.GtplBank.scripts.LoginTest@35f983a6]" name="postCondition" is-config="true" duration-ms="322" started-at="2020-08-29T16:28:33Z" finished-at="2020-08-29T16:28:33Z">
          <reporter-output>
          </reporter-output>
        </test-method> <!-- postCondition -->
      </class> <!-- com.GtplBank.scripts.LoginTest -->
      <class name="com.GtplBank.scripts.CustomerFeatureTest">
        <test-method status="PASS" signature="precondition(java.lang.String, java.lang.String)[pri:0, instance:com.GtplBank.scripts.CustomerFeatureTest@60f82f98]" name="precondition" is-config="true" duration-ms="12602" started-at="2020-08-29T16:28:33Z" finished-at="2020-08-29T16:28:45Z">
          <params>
            <param index="0">
              <value>
                <![CDATA[chrome]]>
              </value>
            </param>
            <param index="1">
              <value>
                <![CDATA[http://demo.guru99.com/v3/index.php]]>
              </value>
            </param>
          </params>
          <reporter-output>
          </reporter-output>
        </test-method> <!-- precondition -->
        <test-method status="PASS" signature="addnewCustomer()[pri:3, instance:com.GtplBank.scripts.CustomerFeatureTest@60f82f98]" name="addnewCustomer" duration-ms="14884" started-at="2020-08-29T16:28:45Z" finished-at="2020-08-29T16:29:00Z">
          <reporter-output>
            <line>
              <![CDATA[addnewCustomerscript execution startsSat Aug 29 16:28:45 IST 2020]]>
            </line>
            <line>
              <![CDATA[Customer Registered Successfully!!!]]>
            </line>
            <line>
              <![CDATA[Registered Customer details are as follows:]]>
            </line>
            <line>
              <![CDATA[]]>
            </line>
            <line>
              <![CDATA[Customer ID]]>
            </line>
            <line>
              <![CDATA[49841]]>
            </line>
            <line>
              <![CDATA[Customer Name]]>
            </line>
            <line>
              <![CDATA[Salman]]>
            </line>
            <line>
              <![CDATA[Gender]]>
            </line>
            <line>
              <![CDATA[male]]>
            </line>
            <line>
              <![CDATA[Birthdate]]>
            </line>
            <line>
              <![CDATA[1995-10-25]]>
            </line>
            <line>
              <![CDATA[Address]]>
            </line>
            <line>
              <![CDATA[F145 Mehrauli]]>
            </line>
            <line>
              <![CDATA[City]]>
            </line>
            <line>
              <![CDATA[NewDelhi]]>
            </line>
            <line>
              <![CDATA[State]]>
            </line>
            <line>
              <![CDATA[Delhi]]>
            </line>
            <line>
              <![CDATA[Pin]]>
            </line>
            <line>
              <![CDATA[110054]]>
            </line>
            <line>
              <![CDATA[Mobile No.]]>
            </line>
            <line>
              <![CDATA[9876543219]]>
            </line>
            <line>
              <![CDATA[Email]]>
            </line>
            <line>
              <![CDATA[saif@gmail.com]]>
            </line>
            <line>
              <![CDATA[Continue]]>
            </line>
            <line>
              <![CDATA[addnewCustomerscript is passed]]>
            </line>
          </reporter-output>
        </test-method> <!-- addnewCustomer -->
        <test-method status="PASS" signature="postCondition()[pri:0, instance:com.GtplBank.scripts.CustomerFeatureTest@60f82f98]" name="postCondition" is-config="true" duration-ms="315" started-at="2020-08-29T16:29:00Z" finished-at="2020-08-29T16:29:01Z">
          <reporter-output>
          </reporter-output>
        </test-method> <!-- postCondition -->
        <test-method status="PASS" signature="precondition(java.lang.String, java.lang.String)[pri:0, instance:com.GtplBank.scripts.CustomerFeatureTest@60f82f98]" name="precondition" is-config="true" duration-ms="14556" started-at="2020-08-29T16:29:01Z" finished-at="2020-08-29T16:29:15Z">
          <params>
            <param index="0">
              <value>
                <![CDATA[chrome]]>
              </value>
            </param>
            <param index="1">
              <value>
                <![CDATA[http://demo.guru99.com/v3/index.php]]>
              </value>
            </param>
          </params>
          <reporter-output>
          </reporter-output>
        </test-method> <!-- precondition -->
        <test-method status="PASS" signature="editcustomer()[pri:4, instance:com.GtplBank.scripts.CustomerFeatureTest@60f82f98]" name="editcustomer" duration-ms="12070" started-at="2020-08-29T16:29:15Z" finished-at="2020-08-29T16:29:27Z">
          <reporter-output>
            <line>
              <![CDATA[editcustomerscript execution startsSat Aug 29 16:29:15 IST 2020]]>
            </line>
            <line>
              <![CDATA[Customer details updated Successfully!!!]]>
            </line>
            <line>
              <![CDATA[editcustomerscript is passed]]>
            </line>
          </reporter-output>
        </test-method> <!-- editcustomer -->
        <test-method status="PASS" signature="postCondition()[pri:0, instance:com.GtplBank.scripts.CustomerFeatureTest@60f82f98]" name="postCondition" is-config="true" duration-ms="125" started-at="2020-08-29T16:29:27Z" finished-at="2020-08-29T16:29:27Z">
          <reporter-output>
          </reporter-output>
        </test-method> <!-- postCondition -->
        <test-method status="PASS" signature="precondition(java.lang.String, java.lang.String)[pri:0, instance:com.GtplBank.scripts.CustomerFeatureTest@60f82f98]" name="precondition" is-config="true" duration-ms="13557" started-at="2020-08-29T16:30:12Z" finished-at="2020-08-29T16:30:25Z">
          <params>
            <param index="0">
              <value>
                <![CDATA[chrome]]>
              </value>
            </param>
            <param index="1">
              <value>
                <![CDATA[http://demo.guru99.com/v3/index.php]]>
              </value>
            </param>
          </params>
          <reporter-output>
          </reporter-output>
        </test-method> <!-- precondition -->
        <test-method status="PASS" signature="deletecustomer()[pri:7, instance:com.GtplBank.scripts.CustomerFeatureTest@60f82f98]" name="deletecustomer" duration-ms="5519" started-at="2020-08-29T16:30:25Z" finished-at="2020-08-29T16:30:31Z">
          <reporter-output>
            <line>
              <![CDATA[deletecustomerscript execution startsSat Aug 29 16:30:25 IST 2020]]>
            </line>
            <line>
              <![CDATA[Customer deleted Successfully]]>
            </line>
            <line>
              <![CDATA[deletecustomerscript is passed]]>
            </line>
          </reporter-output>
        </test-method> <!-- deletecustomer -->
        <test-method status="PASS" signature="postCondition()[pri:0, instance:com.GtplBank.scripts.CustomerFeatureTest@60f82f98]" name="postCondition" is-config="true" duration-ms="119" started-at="2020-08-29T16:30:31Z" finished-at="2020-08-29T16:30:31Z">
          <reporter-output>
          </reporter-output>
        </test-method> <!-- postCondition -->
      </class> <!-- com.GtplBank.scripts.CustomerFeatureTest -->
    </test> <!-- Test -->
  </suite> <!-- Suite -->
</testng-results>
