<?xml version="1.0" encoding="UTF-8"?>
<testng-results skipped="0" failed="1" ignored="0" total="7" passed="6">
  <reporter-output>
    <line>
      <![CDATA[Framework execution starts:Wed Sep 09 16:26:29 IST 2020]]>
    </line>
    <line>
      <![CDATA[validLoginscript execution startsWed Sep 09 16:27:38 IST 2020]]>
    </line>
    <line>
      <![CDATA[Guru99 Bank Manager HomePage]]>
    </line>
    <line>
      <![CDATA[validLoginscript is passed]]>
    </line>
    <line>
      <![CDATA[InvalidLoginscript execution startsWed Sep 09 16:28:33 IST 2020]]>
    </line>
    <line>
      <![CDATA[User is not valid]]>
    </line>
    <line>
      <![CDATA[InvalidLoginscript is passed]]>
    </line>
    <line>
      <![CDATA[addnewCustomerscript execution startsWed Sep 09 16:29:06 IST 2020]]>
    </line>
    <line>
      <![CDATA[Customer Registered Successfully!!!]]>
    </line>
    <line>
      <![CDATA[Registered Customer details are as follows:]]>
    </line>
    <line>
      <![CDATA[]]>
    </line>
    <line>
      <![CDATA[Customer ID]]>
    </line>
    <line>
      <![CDATA[9282]]>
    </line>
    <line>
      <![CDATA[Customer Name]]>
    </line>
    <line>
      <![CDATA[Salman]]>
    </line>
    <line>
      <![CDATA[Gender]]>
    </line>
    <line>
      <![CDATA[male]]>
    </line>
    <line>
      <![CDATA[Birthdate]]>
    </line>
    <line>
      <![CDATA[1995-10-25]]>
    </line>
    <line>
      <![CDATA[Address]]>
    </line>
    <line>
      <![CDATA[F145 Mehrauli]]>
    </line>
    <line>
      <![CDATA[City]]>
    </line>
    <line>
      <![CDATA[NewDelhi]]>
    </line>
    <line>
      <![CDATA[State]]>
    </line>
    <line>
      <![CDATA[Delhi]]>
    </line>
    <line>
      <![CDATA[Pin]]>
    </line>
    <line>
      <![CDATA[110054]]>
    </line>
    <line>
      <![CDATA[Mobile No.]]>
    </line>
    <line>
      <![CDATA[9876543219]]>
    </line>
    <line>
      <![CDATA[Email]]>
    </line>
    <line>
      <![CDATA[saif@gmail.com]]>
    </line>
    <line>
      <![CDATA[Continue]]>
    </line>
    <line>
      <![CDATA[addnewCustomerscript is passed]]>
    </line>
    <line>
      <![CDATA[editcustomerscript execution startsWed Sep 09 16:29:40 IST 2020]]>
    </line>
    <line>
      <![CDATA[Customer details updated Successfully!!!]]>
    </line>
    <line>
      <![CDATA[editcustomerscript is passed]]>
    </line>
    <line>
      <![CDATA[createAccountscript execution startsWed Sep 09 16:31:19 IST 2020]]>
    </line>
    <line>
      <![CDATA[your account number is 83485]]>
    </line>
    <line>
      <![CDATA[createAccountscript is passed]]>
    </line>
    <line>
      <![CDATA[deleteAccountscript execution startsWed Sep 09 16:31:42 IST 2020]]>
    </line>
    <line>
      <![CDATA[Account Deleted Sucessfully]]>
    </line>
    <line>
      <![CDATA[deleteAccountscript is passed]]>
    </line>
    <line>
      <![CDATA[deletecustomerscript execution startsWed Sep 09 16:32:04 IST 2020]]>
    </line>
    <line>
      <![CDATA[deletecustomer script is failed]]>
    </line>
    <line>
      <![CDATA[Screenshot has been taken]]>
    </line>
  </reporter-output>
  <suite name="Suite" duration-ms="389723" started-at="2020-09-09T10:56:29Z" finished-at="2020-09-09T11:02:58Z">
    <groups>
    </groups>
    <test name="Test" duration-ms="389723" started-at="2020-09-09T10:56:29Z" finished-at="2020-09-09T11:02:58Z">
      <class name="com.GtplBank.scripts.AccountTest">
        <test-method status="PASS" signature="precondition(java.lang.String, java.lang.String)[pri:0, instance:com.GtplBank.scripts.AccountTest@14acaea5]" name="precondition" is-config="true" duration-ms="14746" started-at="2020-09-09T16:31:04Z" finished-at="2020-09-09T16:31:19Z">
          <params>
            <param index="0">
              <value>
                <![CDATA[chrome]]>
              </value>
            </param>
            <param index="1">
              <value>
                <![CDATA[http://demo.guru99.com/v3/index.php]]>
              </value>
            </param>
          </params>
          <reporter-output>
          </reporter-output>
        </test-method> <!-- precondition -->
        <test-method status="PASS" signature="createAccount()[pri:5, instance:com.GtplBank.scripts.AccountTest@14acaea5]" name="createAccount" duration-ms="8923" started-at="2020-09-09T16:31:19Z" finished-at="2020-09-09T16:31:28Z">
          <reporter-output>
            <line>
              <![CDATA[createAccountscript execution startsWed Sep 09 16:31:19 IST 2020]]>
            </line>
            <line>
              <![CDATA[your account number is 83485]]>
            </line>
            <line>
              <![CDATA[createAccountscript is passed]]>
            </line>
          </reporter-output>
        </test-method> <!-- createAccount -->
        <test-method status="PASS" signature="postCondition()[pri:0, instance:com.GtplBank.scripts.AccountTest@14acaea5]" name="postCondition" is-config="true" duration-ms="251" started-at="2020-09-09T16:31:28Z" finished-at="2020-09-09T16:31:28Z">
          <reporter-output>
          </reporter-output>
        </test-method> <!-- postCondition -->
        <test-method status="PASS" signature="precondition(java.lang.String, java.lang.String)[pri:0, instance:com.GtplBank.scripts.AccountTest@14acaea5]" name="precondition" is-config="true" duration-ms="13684" started-at="2020-09-09T16:31:28Z" finished-at="2020-09-09T16:31:42Z">
          <params>
            <param index="0">
              <value>
                <![CDATA[chrome]]>
              </value>
            </param>
            <param index="1">
              <value>
                <![CDATA[http://demo.guru99.com/v3/index.php]]>
              </value>
            </param>
          </params>
          <reporter-output>
          </reporter-output>
        </test-method> <!-- precondition -->
        <test-method status="PASS" signature="deleteAccount()[pri:6, instance:com.GtplBank.scripts.AccountTest@14acaea5]" name="deleteAccount" duration-ms="5789" started-at="2020-09-09T16:31:42Z" finished-at="2020-09-09T16:31:47Z">
          <reporter-output>
            <line>
              <![CDATA[deleteAccountscript execution startsWed Sep 09 16:31:42 IST 2020]]>
            </line>
            <line>
              <![CDATA[Account Deleted Sucessfully]]>
            </line>
            <line>
              <![CDATA[deleteAccountscript is passed]]>
            </line>
          </reporter-output>
        </test-method> <!-- deleteAccount -->
        <test-method status="PASS" signature="postCondition()[pri:0, instance:com.GtplBank.scripts.AccountTest@14acaea5]" name="postCondition" is-config="true" duration-ms="493" started-at="2020-09-09T16:31:47Z" finished-at="2020-09-09T16:31:48Z">
          <reporter-output>
          </reporter-output>
        </test-method> <!-- postCondition -->
      </class> <!-- com.GtplBank.scripts.AccountTest -->
      <class name="com.GtplBank.scripts.LoginTest">
        <test-method status="PASS" signature="precondition(java.lang.String, java.lang.String)[pri:0, instance:com.GtplBank.scripts.LoginTest@d8355a8]" name="precondition" is-config="true" duration-ms="69109" started-at="2020-09-09T16:26:29Z" finished-at="2020-09-09T16:27:38Z">
          <params>
            <param index="0">
              <value>
                <![CDATA[chrome]]>
              </value>
            </param>
            <param index="1">
              <value>
                <![CDATA[http://demo.guru99.com/v3/index.php]]>
              </value>
            </param>
          </params>
          <reporter-output>
          </reporter-output>
        </test-method> <!-- precondition -->
        <test-method status="PASS" signature="validLogin()[pri:1, instance:com.GtplBank.scripts.LoginTest@d8355a8]" name="validLogin" duration-ms="11281" started-at="2020-09-09T16:27:38Z" finished-at="2020-09-09T16:27:49Z">
          <reporter-output>
            <line>
              <![CDATA[validLoginscript execution startsWed Sep 09 16:27:38 IST 2020]]>
            </line>
            <line>
              <![CDATA[Guru99 Bank Manager HomePage]]>
            </line>
            <line>
              <![CDATA[validLoginscript is passed]]>
            </line>
          </reporter-output>
        </test-method> <!-- validLogin -->
        <test-method status="PASS" signature="postCondition()[pri:0, instance:com.GtplBank.scripts.LoginTest@d8355a8]" name="postCondition" is-config="true" duration-ms="5055" started-at="2020-09-09T16:27:49Z" finished-at="2020-09-09T16:27:54Z">
          <reporter-output>
          </reporter-output>
        </test-method> <!-- postCondition -->
        <test-method status="PASS" signature="precondition(java.lang.String, java.lang.String)[pri:0, instance:com.GtplBank.scripts.LoginTest@d8355a8]" name="precondition" is-config="true" duration-ms="38622" started-at="2020-09-09T16:27:54Z" finished-at="2020-09-09T16:28:33Z">
          <params>
            <param index="0">
              <value>
                <![CDATA[chrome]]>
              </value>
            </param>
            <param index="1">
              <value>
                <![CDATA[http://demo.guru99.com/v3/index.php]]>
              </value>
            </param>
          </params>
          <reporter-output>
          </reporter-output>
        </test-method> <!-- precondition -->
        <test-method status="PASS" signature="InvalidLogin()[pri:2, instance:com.GtplBank.scripts.LoginTest@d8355a8]" name="InvalidLogin" duration-ms="2191" started-at="2020-09-09T16:28:33Z" finished-at="2020-09-09T16:28:35Z">
          <reporter-output>
            <line>
              <![CDATA[InvalidLoginscript execution startsWed Sep 09 16:28:33 IST 2020]]>
            </line>
            <line>
              <![CDATA[User is not valid]]>
            </line>
            <line>
              <![CDATA[InvalidLoginscript is passed]]>
            </line>
          </reporter-output>
        </test-method> <!-- InvalidLogin -->
        <test-method status="PASS" signature="postCondition()[pri:0, instance:com.GtplBank.scripts.LoginTest@d8355a8]" name="postCondition" is-config="true" duration-ms="12259" started-at="2020-09-09T16:28:35Z" finished-at="2020-09-09T16:28:47Z">
          <reporter-output>
          </reporter-output>
        </test-method> <!-- postCondition -->
      </class> <!-- com.GtplBank.scripts.LoginTest -->
      <class name="com.GtplBank.scripts.CustomerFeatureTest">
        <test-method status="PASS" signature="precondition(java.lang.String, java.lang.String)[pri:0, instance:com.GtplBank.scripts.CustomerFeatureTest@46d56d67]" name="precondition" is-config="true" duration-ms="18984" started-at="2020-09-09T16:28:47Z" finished-at="2020-09-09T16:29:06Z">
          <params>
            <param index="0">
              <value>
                <![CDATA[chrome]]>
              </value>
            </param>
            <param index="1">
              <value>
                <![CDATA[http://demo.guru99.com/v3/index.php]]>
              </value>
            </param>
          </params>
          <reporter-output>
          </reporter-output>
        </test-method> <!-- precondition -->
        <test-method status="PASS" signature="addnewCustomer()[pri:3, instance:com.GtplBank.scripts.CustomerFeatureTest@46d56d67]" name="addnewCustomer" duration-ms="13396" started-at="2020-09-09T16:29:06Z" finished-at="2020-09-09T16:29:20Z">
          <reporter-output>
            <line>
              <![CDATA[addnewCustomerscript execution startsWed Sep 09 16:29:06 IST 2020]]>
            </line>
            <line>
              <![CDATA[Customer Registered Successfully!!!]]>
            </line>
            <line>
              <![CDATA[Registered Customer details are as follows:]]>
            </line>
            <line>
              <![CDATA[]]>
            </line>
            <line>
              <![CDATA[Customer ID]]>
            </line>
            <line>
              <![CDATA[9282]]>
            </line>
            <line>
              <![CDATA[Customer Name]]>
            </line>
            <line>
              <![CDATA[Salman]]>
            </line>
            <line>
              <![CDATA[Gender]]>
            </line>
            <line>
              <![CDATA[male]]>
            </line>
            <line>
              <![CDATA[Birthdate]]>
            </line>
            <line>
              <![CDATA[1995-10-25]]>
            </line>
            <line>
              <![CDATA[Address]]>
            </line>
            <line>
              <![CDATA[F145 Mehrauli]]>
            </line>
            <line>
              <![CDATA[City]]>
            </line>
            <line>
              <![CDATA[NewDelhi]]>
            </line>
            <line>
              <![CDATA[State]]>
            </line>
            <line>
              <![CDATA[Delhi]]>
            </line>
            <line>
              <![CDATA[Pin]]>
            </line>
            <line>
              <![CDATA[110054]]>
            </line>
            <line>
              <![CDATA[Mobile No.]]>
            </line>
            <line>
              <![CDATA[9876543219]]>
            </line>
            <line>
              <![CDATA[Email]]>
            </line>
            <line>
              <![CDATA[saif@gmail.com]]>
            </line>
            <line>
              <![CDATA[Continue]]>
            </line>
            <line>
              <![CDATA[addnewCustomerscript is passed]]>
            </line>
          </reporter-output>
        </test-method> <!-- addnewCustomer -->
        <test-method status="PASS" signature="postCondition()[pri:0, instance:com.GtplBank.scripts.CustomerFeatureTest@46d56d67]" name="postCondition" is-config="true" duration-ms="2013" started-at="2020-09-09T16:29:20Z" finished-at="2020-09-09T16:29:22Z">
          <reporter-output>
          </reporter-output>
        </test-method> <!-- postCondition -->
        <test-method status="PASS" signature="precondition(java.lang.String, java.lang.String)[pri:0, instance:com.GtplBank.scripts.CustomerFeatureTest@46d56d67]" name="precondition" is-config="true" duration-ms="18700" started-at="2020-09-09T16:29:22Z" finished-at="2020-09-09T16:29:40Z">
          <params>
            <param index="0">
              <value>
                <![CDATA[chrome]]>
              </value>
            </param>
            <param index="1">
              <value>
                <![CDATA[http://demo.guru99.com/v3/index.php]]>
              </value>
            </param>
          </params>
          <reporter-output>
          </reporter-output>
        </test-method> <!-- precondition -->
        <test-method status="PASS" signature="editcustomer()[pri:4, instance:com.GtplBank.scripts.CustomerFeatureTest@46d56d67]" name="editcustomer" duration-ms="69216" started-at="2020-09-09T16:29:40Z" finished-at="2020-09-09T16:30:50Z">
          <reporter-output>
            <line>
              <![CDATA[editcustomerscript execution startsWed Sep 09 16:29:40 IST 2020]]>
            </line>
            <line>
              <![CDATA[Customer details updated Successfully!!!]]>
            </line>
            <line>
              <![CDATA[editcustomerscript is passed]]>
            </line>
          </reporter-output>
        </test-method> <!-- editcustomer -->
        <test-method status="PASS" signature="postCondition()[pri:0, instance:com.GtplBank.scripts.CustomerFeatureTest@46d56d67]" name="postCondition" is-config="true" duration-ms="14422" started-at="2020-09-09T16:30:50Z" finished-at="2020-09-09T16:31:04Z">
          <reporter-output>
          </reporter-output>
        </test-method> <!-- postCondition -->
        <test-method status="PASS" signature="precondition(java.lang.String, java.lang.String)[pri:0, instance:com.GtplBank.scripts.CustomerFeatureTest@46d56d67]" name="precondition" is-config="true" duration-ms="16176" started-at="2020-09-09T16:31:48Z" finished-at="2020-09-09T16:32:04Z">
          <params>
            <param index="0">
              <value>
                <![CDATA[chrome]]>
              </value>
            </param>
            <param index="1">
              <value>
                <![CDATA[http://demo.guru99.com/v3/index.php]]>
              </value>
            </param>
          </params>
          <reporter-output>
          </reporter-output>
        </test-method> <!-- precondition -->
        <test-method status="FAIL" signature="deletecustomer()[pri:7, instance:com.GtplBank.scripts.CustomerFeatureTest@46d56d67]" name="deletecustomer" duration-ms="31386" started-at="2020-09-09T16:32:04Z" finished-at="2020-09-09T16:32:36Z">
          <exception class="org.openqa.selenium.NoSuchElementException">
            <message>
              <![CDATA[no such element: Unable to locate element: {"method":"css selector","selector":"*[name='cusid']"}
  (Session info: chrome=85.0.4183.83)
For documentation on this error, please visit: https://www.seleniumhq.org/exceptions/no_such_element.html
Build info: version: '3.141.59', revision: 'e82be7d358', time: '2018-11-14T08:17:03'
System info: host: 'LAPTOP-VC35D2RP', ip: '192.168.43.59', os.name: 'Windows 10', os.arch: 'amd64', os.version: '10.0', java.version: '1.8.0_241'
Driver info: org.openqa.selenium.chrome.ChromeDriver
Capabilities {acceptInsecureCerts: false, browserName: chrome, browserVersion: 85.0.4183.83, chrome: {chromedriverVersion: 85.0.4183.87 (cd6713ebf92fa..., userDataDir: C:\Users\salmank\AppData\Lo...}, goog:chromeOptions: {debuggerAddress: localhost:58470}, javascriptEnabled: true, networkConnectionEnabled: false, pageLoadStrategy: normal, platform: WINDOWS, platformName: WINDOWS, proxy: Proxy(), setWindowRect: true, strictFileInteractability: false, timeouts: {implicit: 0, pageLoad: 300000, script: 30000}, unhandledPromptBehavior: dismiss and notify, webauthn:virtualAuthenticators: true}
Session ID: bfedacfc8058a52771803b81598e2424
*** Element info: {Using=name, value=cusid}]]>
            </message>
            <full-stacktrace>
              <![CDATA[org.openqa.selenium.NoSuchElementException: no such element: Unable to locate element: {"method":"css selector","selector":"*[name='cusid']"}
  (Session info: chrome=85.0.4183.83)
For documentation on this error, please visit: https://www.seleniumhq.org/exceptions/no_such_element.html
Build info: version: '3.141.59', revision: 'e82be7d358', time: '2018-11-14T08:17:03'
System info: host: 'LAPTOP-VC35D2RP', ip: '192.168.43.59', os.name: 'Windows 10', os.arch: 'amd64', os.version: '10.0', java.version: '1.8.0_241'
Driver info: org.openqa.selenium.chrome.ChromeDriver
Capabilities {acceptInsecureCerts: false, browserName: chrome, browserVersion: 85.0.4183.83, chrome: {chromedriverVersion: 85.0.4183.87 (cd6713ebf92fa..., userDataDir: C:\Users\salmank\AppData\Lo...}, goog:chromeOptions: {debuggerAddress: localhost:58470}, javascriptEnabled: true, networkConnectionEnabled: false, pageLoadStrategy: normal, platform: WINDOWS, platformName: WINDOWS, proxy: Proxy(), setWindowRect: true, strictFileInteractability: false, timeouts: {implicit: 0, pageLoad: 300000, script: 30000}, unhandledPromptBehavior: dismiss and notify, webauthn:virtualAuthenticators: true}
Session ID: bfedacfc8058a52771803b81598e2424
*** Element info: {Using=name, value=cusid}
	at sun.reflect.NativeConstructorAccessorImpl.newInstance0(Native Method)
	at sun.reflect.NativeConstructorAccessorImpl.newInstance(Unknown Source)
	at sun.reflect.DelegatingConstructorAccessorImpl.newInstance(Unknown Source)
	at java.lang.reflect.Constructor.newInstance(Unknown Source)
	at org.openqa.selenium.remote.http.W3CHttpResponseCodec.createException(W3CHttpResponseCodec.java:187)
	at org.openqa.selenium.remote.http.W3CHttpResponseCodec.decode(W3CHttpResponseCodec.java:122)
	at org.openqa.selenium.remote.http.W3CHttpResponseCodec.decode(W3CHttpResponseCodec.java:49)
	at org.openqa.selenium.remote.HttpCommandExecutor.execute(HttpCommandExecutor.java:158)
	at org.openqa.selenium.remote.service.DriverCommandExecutor.execute(DriverCommandExecutor.java:83)
	at org.openqa.selenium.remote.RemoteWebDriver.execute(RemoteWebDriver.java:552)
	at org.openqa.selenium.remote.RemoteWebDriver.findElement(RemoteWebDriver.java:323)
	at org.openqa.selenium.remote.RemoteWebDriver.findElementByName(RemoteWebDriver.java:404)
	at org.openqa.selenium.By$ByName.findElement(By.java:284)
	at org.openqa.selenium.remote.RemoteWebDriver.findElement(RemoteWebDriver.java:315)
	at org.openqa.selenium.support.pagefactory.DefaultElementLocator.findElement(DefaultElementLocator.java:69)
	at org.openqa.selenium.support.pagefactory.internal.LocatingElementHandler.invoke(LocatingElementHandler.java:38)
	at com.sun.proxy.$Proxy10.sendKeys(Unknown Source)
	at com.GtplBank.features.CustomerFeatures.DeleteCustomer(CustomerFeatures.java:116)
	at com.GtplBank.scripts.CustomerFeatureTest.deletecustomer(CustomerFeatureTest.java:34)
	at sun.reflect.NativeMethodAccessorImpl.invoke0(Native Method)
	at sun.reflect.NativeMethodAccessorImpl.invoke(Unknown Source)
	at sun.reflect.DelegatingMethodAccessorImpl.invoke(Unknown Source)
	at java.lang.reflect.Method.invoke(Unknown Source)
	at org.testng.internal.MethodInvocationHelper.invokeMethod(MethodInvocationHelper.java:104)
	at org.testng.internal.Invoker.invokeMethod(Invoker.java:645)
	at org.testng.internal.Invoker.invokeTestMethod(Invoker.java:851)
	at org.testng.internal.Invoker.invokeTestMethods(Invoker.java:1177)
	at org.testng.internal.TestMethodWorker.invokeTestMethods(TestMethodWorker.java:129)
	at org.testng.internal.TestMethodWorker.run(TestMethodWorker.java:112)
	at org.testng.TestRunner.privateRun(TestRunner.java:756)
	at org.testng.TestRunner.run(TestRunner.java:610)
	at org.testng.SuiteRunner.runTest(SuiteRunner.java:387)
	at org.testng.SuiteRunner.runSequentially(SuiteRunner.java:382)
	at org.testng.SuiteRunner.privateRun(SuiteRunner.java:340)
	at org.testng.SuiteRunner.run(SuiteRunner.java:289)
	at org.testng.SuiteRunnerWorker.runSuite(SuiteRunnerWorker.java:52)
	at org.testng.SuiteRunnerWorker.run(SuiteRunnerWorker.java:86)
	at org.testng.TestNG.runSuitesSequentially(TestNG.java:1293)
	at org.testng.TestNG.runSuitesLocally(TestNG.java:1218)
	at org.testng.TestNG.runSuites(TestNG.java:1133)
	at org.testng.TestNG.run(TestNG.java:1104)
	at org.testng.remote.AbstractRemoteTestNG.run(AbstractRemoteTestNG.java:132)
	at org.testng.remote.RemoteTestNG.initAndRun(RemoteTestNG.java:236)
	at org.testng.remote.RemoteTestNG.main(RemoteTestNG.java:81)
]]>
            </full-stacktrace>
          </exception> <!-- org.openqa.selenium.NoSuchElementException -->
          <reporter-output>
            <line>
              <![CDATA[deletecustomerscript execution startsWed Sep 09 16:32:04 IST 2020]]>
            </line>
            <line>
              <![CDATA[deletecustomer script is failed]]>
            </line>
            <line>
              <![CDATA[Screenshot has been taken]]>
            </line>
          </reporter-output>
        </test-method> <!-- deletecustomer -->
        <test-method status="PASS" signature="postCondition()[pri:0, instance:com.GtplBank.scripts.CustomerFeatureTest@46d56d67]" name="postCondition" is-config="true" duration-ms="12158" started-at="2020-09-09T16:32:46Z" finished-at="2020-09-09T16:32:58Z">
          <reporter-output>
          </reporter-output>
        </test-method> <!-- postCondition -->
      </class> <!-- com.GtplBank.scripts.CustomerFeatureTest -->
    </test> <!-- Test -->
  </suite> <!-- Suite -->
</testng-results>
